modules/sms-listener/android/build/intermediates/manifest_merge_blame_file/release/processReleaseManifest/manifest-merger-blame-release-report.txt
1<?xml version="1.0" encoding="utf-8"?>
2<manifest xmlns:android="http://schemas.android.com/apk/res/android"
3    package="expo.modules.smslistener" >
4
5    <uses-sdk android:minSdkVersion="24" />
6
7    <uses-permission android:name="android.permission.READ_SMS" />
7-->src/main/AndroidManifest.xml:2:3-64
7-->src/main/AndroidManifest.xml:2:20-62
8    <uses-permission android:name="android.permission.RECEIVE_SMS" />
8-->src/main/AndroidManifest.xml:3:3-67
8-->src/main/AndroidManifest.xml:3:20-65
9
10    <application>
10-->src/main/AndroidManifest.xml:4:3-14:17
11        <receiver
11-->src/main/AndroidManifest.xml:5:5-13:16
12            android:name="expo.modules.smslistener.SmsBroadcastReceiver"
12-->src/main/AndroidManifest.xml:6:7-67
13            android:enabled="true"
13-->src/main/AndroidManifest.xml:7:7-29
14            android:exported="true"
14-->src/main/AndroidManifest.xml:8:7-30
15            android:permission="android.permission.BROADCAST_SMS" >
15-->src/main/AndroidManifest.xml:9:7-60
16            <intent-filter android:priority="999" >
16-->src/main/AndroidManifest.xml:10:7-12:23
16-->src/main/AndroidManifest.xml:10:22-44
17                <action android:name="android.provider.Telephony.SMS_RECEIVED" />
17-->src/main/AndroidManifest.xml:11:9-74
17-->src/main/AndroidManifest.xml:11:17-71
18            </intent-filter>
19        </receiver>
20    </application>
21
22</manifest>